<?xml version="1.0" encoding="utf-8" standalone="no"?>
<!--This file represents the results of running a test suite-->
<test-results name="/Users/mglenn/code/life/test.nunit" total="103" failures="0" not-run="0" date="2011-08-24" time="16:29:29">
  <environment nunit-version="2.4.8.0" clr-version="4.0.30319.1" os-version="Unix 11.0.0.0" platform="Unix" cwd="/Users/mglenn/code/life" machine-name="mglenn-air.local" user="mglenn" user-domain="mglenn-air.local" />
  <culture-info current-culture="en-US" current-uiculture="en-US" />
  <test-suite name="/Users/mglenn/code/life/test.nunit" success="True" time="3.553" asserts="0">
    <results>
      <test-suite name="/Users/mglenn/code/life/test/Life.Core.Tests/bin/Debug/Life.Core.Tests.dll" success="True" time="2.163" asserts="0">
        <results>
          <test-suite name="Life" success="True" time="2.163" asserts="0">
            <results>
              <test-suite name="Core" success="True" time="2.163" asserts="0">
                <results>
                  <test-suite name="Tests" success="True" time="2.163" asserts="0">
                    <results>
                      <test-suite name="Archive" success="True" time="0.140" asserts="0">
                        <results>
                          <test-suite name="FolderArchiveTests" success="True" time="0.086" asserts="0">
                            <results>
                              <test-case name="Life.Core.Tests.Archive.FolderArchiveTests.CreateWritableStream_ReturnsNewWritableStream" executed="True" success="True" time="0.019" asserts="2" />
                              <test-case name="Life.Core.Tests.Archive.FolderArchiveTests.Ctor_SetsArchiveName" executed="True" success="True" time="0.009" asserts="1" />
                              <test-case name="Life.Core.Tests.Archive.FolderArchiveTests.DeleteFile_DeletesFile" executed="True" success="True" time="0.002" asserts="1" />
                              <test-case name="Life.Core.Tests.Archive.FolderArchiveTests.Exists_IsFalseWhenFileDoesntExist" executed="True" success="True" time="0.000" asserts="1" />
                              <test-case name="Life.Core.Tests.Archive.FolderArchiveTests.Exists_IsTrueWhenFileExists" executed="True" success="True" time="0.000" asserts="1" />
                              <test-case name="Life.Core.Tests.Archive.FolderArchiveTests.GetEnumerator_GetsEnumeratorOfFiles" executed="True" success="True" time="0.016" asserts="1" />
                              <test-case name="Life.Core.Tests.Archive.FolderArchiveTests.IsReadOnly_ReturnsFalse" executed="True" success="True" time="0.000" asserts="1" />
                              <test-case name="Life.Core.Tests.Archive.FolderArchiveTests.OpenStream_ReturnsFileStream" executed="True" success="True" time="0.001" asserts="1" />
                              <test-case name="Life.Core.Tests.Archive.FolderArchiveTests.OpenStream_WithNonExistantFile_ThrowsFileNotFoundException" executed="True" success="True" time="0.003" asserts="1" />
                            </results>
                          </test-suite>
                        </results>
                      </test-suite>
                      <test-suite name="GameTimeTests" success="True" time="0.024" asserts="0">
                        <results>
                          <test-case name="Life.Core.Tests.GameTimeTests.Ctor_InitializesGameTime" executed="True" success="True" time="0.007" asserts="2" />
                          <test-case name="Life.Core.Tests.GameTimeTests.Pause_PausesTimer" executed="True" success="True" time="0.001" asserts="2" />
                          <test-case name="Life.Core.Tests.GameTimeTests.Resume_ResumesTimer" executed="True" success="True" time="0.000" asserts="1" />
                        </results>
                      </test-suite>
                      <test-suite name="KernelTests" success="True" time="1.992" asserts="0">
                        <results>
                          <test-case name="Life.Core.Tests.KernelTests.AddService_AddsService" executed="True" success="True" time="1.916" asserts="1" />
                          <test-case name="Life.Core.Tests.KernelTests.AddService_AddsWithPriority" executed="True" success="True" time="0.053" asserts="1" />
                          <test-case name="Life.Core.Tests.KernelTests.AddService_StartsService" executed="True" success="True" time="0.016" asserts="0" />
                          <test-case name="Life.Core.Tests.KernelTests.Ctor_HasNoServices" executed="True" success="True" time="0.000" asserts="1" />
                        </results>
                      </test-suite>
                    </results>
                  </test-suite>
                </results>
              </test-suite>
            </results>
          </test-suite>
        </results>
      </test-suite>
      <test-suite name="/Users/mglenn/code/life/test/Life.Graphics.Tests/bin/Debug/Life.Graphics.Tests.dll" success="True" time="0.091" asserts="0">
        <results>
          <test-suite name="Life" success="True" time="0.091" asserts="0">
            <results>
              <test-suite name="Graphics" success="True" time="0.091" asserts="0">
                <results>
                  <test-suite name="Tests" success="True" time="0.090" asserts="0">
                    <results>
                      <test-suite name="HardwareIndexBufferTests" success="True" time="0.006" asserts="0">
                        <results>
                          <test-case name="Life.Graphics.Tests.HardwareIndexBufferTests.Ctor_SetsFormatAndNumIndices" executed="True" success="True" time="0.005" asserts="2" />
                        </results>
                      </test-suite>
                      <test-suite name="HardwareVertexBufferTests" success="True" time="0.006" asserts="0">
                        <results>
                          <test-case name="Life.Graphics.Tests.HardwareVertexBufferTests.Ctor_SetsDefinitionAndNumVertices" executed="True" success="True" time="0.005" asserts="3" />
                        </results>
                      </test-suite>
                      <test-suite name="VertexDefinitionTests" success="True" time="0.003" asserts="0">
                        <results>
                          <test-case name="Life.Graphics.Tests.VertexDefinitionTests.Add_UpdatesStride" executed="True" success="True" time="0.001" asserts="1" />
                          <test-case name="Life.Graphics.Tests.VertexDefinitionTests.Ctor_InitializesEmptyDefinition" executed="True" success="True" time="0.000" asserts="2" />
                        </results>
                      </test-suite>
                      <test-suite name="VertexElementTests" success="True" time="0.005" asserts="0">
                        <results>
                          <test-case name="Life.Graphics.Tests.VertexElementTests.Compare_ComparesTypes" executed="True" success="True" time="0.001" asserts="2" />
                          <test-case name="Life.Graphics.Tests.VertexElementTests.Ctor_SetsFormatAndType" executed="True" success="True" time="0.000" asserts="2" />
                          <test-case name="Life.Graphics.Tests.VertexElementTests.Ctor_SetsSize" executed="True" success="True" time="0.000" asserts="3" />
                        </results>
                      </test-suite>
                    </results>
                  </test-suite>
                </results>
              </test-suite>
            </results>
          </test-suite>
        </results>
      </test-suite>
      <test-suite name="/Users/mglenn/code/life/test/Life.Math.Tests/bin/Debug/Life.Math.Tests.dll" success="True" time="0.206" asserts="0">
        <results>
          <test-suite name="Life" success="True" time="0.206" asserts="0">
            <results>
              <test-suite name="Math" success="True" time="0.206" asserts="0">
                <results>
                  <test-suite name="Tests" success="True" time="0.206" asserts="0">
                    <results>
                      <test-suite name="Matrix4Tests" success="True" time="0.044" asserts="0">
                        <results>
                          <test-case name="Life.Math.Tests.Matrix4Tests.Add_AddsMatrices" executed="True" success="True" time="0.015" asserts="1" />
                          <test-case name="Life.Math.Tests.Matrix4Tests.Ctor_With16Values_SetsAllValues" executed="True" success="True" time="0.003" asserts="1" />
                          <test-case name="Life.Math.Tests.Matrix4Tests.Ctor_WithArray_SetsAllValues" executed="True" success="True" time="0.000" asserts="1" />
                          <test-case name="Life.Math.Tests.Matrix4Tests.Ctor_WithInvalidArray_ThrowsArgumentOutOfRangeException" executed="True" success="True" time="0.001" asserts="1" />
                          <test-case name="Life.Math.Tests.Matrix4Tests.Ctor_WithSingleValue_SetsAllToValue" executed="True" success="True" time="0.001" asserts="2" />
                          <test-case name="Life.Math.Tests.Matrix4Tests.Equals_ReturnsTrueForSameValues" executed="True" success="True" time="0.001" asserts="2" />
                          <test-case name="Life.Math.Tests.Matrix4Tests.Multiply_AgainstIdentity_ReturnsUnchangedMatrix" executed="True" success="True" time="0.002" asserts="1" />
                          <test-case name="Life.Math.Tests.Matrix4Tests.Mutliply_WithVectorAndMatrix_ReturnsVector" executed="True" success="True" time="0.003" asserts="2" />
                          <test-case name="Life.Math.Tests.Matrix4Tests.Scale_CreatesScaleMatrix" executed="True" success="True" time="0.000" asserts="1" />
                          <test-case name="Life.Math.Tests.Matrix4Tests.Scale_WithVector_CreatesScaleMatrix" executed="True" success="True" time="0.000" asserts="1" />
                          <test-case name="Life.Math.Tests.Matrix4Tests.Subtract_SubtractsMatrices" executed="True" success="True" time="0.001" asserts="1" />
                          <test-case name="Life.Math.Tests.Matrix4Tests.Translate_CreatesTranslationMatrix" executed="True" success="True" time="0.000" asserts="1" />
                          <test-case name="Life.Math.Tests.Matrix4Tests.Transpose_TransposesMatrix" executed="True" success="True" time="0.001" asserts="1" />
                        </results>
                      </test-suite>
                      <test-suite name="PlaneTests" success="True" time="0.011" asserts="0">
                        <results>
                          <test-case name="Life.Math.Tests.PlaneTests.Ctor_SetsNormalAndD" executed="True" success="True" time="0.001" asserts="2" />
                          <test-case name="Life.Math.Tests.PlaneTests.Ctor_WithValues_SetsNormalAndD" executed="True" success="True" time="0.001" asserts="2" />
                          <test-case name="Life.Math.Tests.PlaneTests.DistanceTo_ReturnsDistanceFromPoint" executed="True" success="True" time="0.002" asserts="1" />
                          <test-case name="Life.Math.Tests.PlaneTests.Side_ReturnsBackIfPointInBackOfPlane" executed="True" success="True" time="0.001" asserts="1" />
                          <test-case name="Life.Math.Tests.PlaneTests.Side_ReturnsFrontIfPointInFrontOfPlane" executed="True" success="True" time="0.001" asserts="1" />
                          <test-case name="Life.Math.Tests.PlaneTests.Side_ReturnsPlanarIfPointOnPlane" executed="True" success="True" time="0.000" asserts="1" />
                        </results>
                      </test-suite>
                      <test-suite name="QuaternionTests" success="True" time="0.069" asserts="0">
                        <results>
                          <test-case name="Life.Math.Tests.QuaternionTests.Add_AddsTwoQuaternions" executed="True" success="True" time="0.002" asserts="1" />
                          <test-case name="Life.Math.Tests.QuaternionTests.Conjugate_CalculatesConjugate" executed="True" success="True" time="0.001" asserts="1" />
                          <test-case name="Life.Math.Tests.QuaternionTests.Conjugate_ReturnsOriginalWhenConjugatingConjugate" executed="True" success="True" time="0.000" asserts="1" />
                          <test-case name="Life.Math.Tests.QuaternionTests.Ctor_SetsVandW" executed="True" success="True" time="0.000" asserts="2" />
                          <test-case name="Life.Math.Tests.QuaternionTests.Ctor_WithWAndVector_SetsVAndW" executed="True" success="True" time="0.001" asserts="2" />
                          <test-case name="Life.Math.Tests.QuaternionTests.Dot_ReturnsDotProduct" executed="True" success="True" time="0.001" asserts="1" />
                          <test-case name="Life.Math.Tests.QuaternionTests.Equals_IsFalseWhenDifferentQuaternions" executed="True" success="True" time="0.000" asserts="1" />
                          <test-case name="Life.Math.Tests.QuaternionTests.Equals_IsTrueWhenEqualQuaternions" executed="True" success="True" time="0.000" asserts="1" />
                          <test-case name="Life.Math.Tests.QuaternionTests.FromAxisAngle_CalculatesQuaternion" executed="True" success="True" time="0.002" asserts="1" />
                          <test-case name="Life.Math.Tests.QuaternionTests.Length_ReturnsLength" executed="True" success="True" time="0.003" asserts="1" />
                          <test-case name="Life.Math.Tests.QuaternionTests.LengthSquared_ReturnsLengthSquared" executed="True" success="True" time="0.000" asserts="1" />
                          <test-case name="Life.Math.Tests.QuaternionTests.Multiply_MultipliesQuaternions" executed="True" success="True" time="0.001" asserts="1" />
                          <test-case name="Life.Math.Tests.QuaternionTests.Normalized_GetsNormalizedQuaternion" executed="True" success="True" time="0.001" asserts="2" />
                          <test-case name="Life.Math.Tests.QuaternionTests.Subtract_SubtractsTwoQuaternions" executed="True" success="True" time="0.001" asserts="1" />
                        </results>
                      </test-suite>
                      <test-suite name="RayTests" success="True" time="0.001" asserts="0">
                        <results>
                          <test-case name="Life.Math.Tests.RayTests.Ctor_SetsOriginAndDirection" executed="True" success="True" time="0.001" asserts="2" />
                        </results>
                      </test-suite>
                      <test-suite name="Vector2Tests" success="True" time="0.016" asserts="0">
                        <results>
                          <test-case name="Life.Math.Tests.Vector2Tests.Add_AddsTwoVectors" executed="True" success="True" time="0.001" asserts="1" />
                          <test-case name="Life.Math.Tests.Vector2Tests.Ctor_SetsXandY" executed="True" success="True" time="0.000" asserts="2" />
                          <test-case name="Life.Math.Tests.Vector2Tests.Divide_DividesVectorByScalar" executed="True" success="True" time="0.000" asserts="1" />
                          <test-case name="Life.Math.Tests.Vector2Tests.Dot_ReturnsDotProduct" executed="True" success="True" time="0.000" asserts="1" />
                          <test-case name="Life.Math.Tests.Vector2Tests.Equals_ReturnsTrueWhenEqual" executed="True" success="True" time="0.000" asserts="1" />
                          <test-case name="Life.Math.Tests.Vector2Tests.Length_ReturnsVectorLength" executed="True" success="True" time="0.000" asserts="1" />
                          <test-case name="Life.Math.Tests.Vector2Tests.Multiply_MultipliesVectorWithScalar" executed="True" success="True" time="0.000" asserts="1" />
                          <test-case name="Life.Math.Tests.Vector2Tests.SquaredLength_ReturnsSquaredLength" executed="True" success="True" time="0.000" asserts="1" />
                          <test-case name="Life.Math.Tests.Vector2Tests.Subtract_SubtractsTwoVectors" executed="True" success="True" time="0.001" asserts="1" />
                        </results>
                      </test-suite>
                      <test-suite name="Vector3Tests" success="True" time="0.021" asserts="0">
                        <results>
                          <test-case name="Life.Math.Tests.Vector3Tests.Add_WithValue_ReturnsAddedVector" executed="True" success="True" time="0.001" asserts="1" />
                          <test-case name="Life.Math.Tests.Vector3Tests.Cross_CalculatesCrossProduct" executed="True" success="True" time="0.000" asserts="1" />
                          <test-case name="Life.Math.Tests.Vector3Tests.Ctor_SetsValues" executed="True" success="True" time="0.000" asserts="3" />
                          <test-case name="Life.Math.Tests.Vector3Tests.Divide_WithVectorAndScalar_ReturnsScaledVector" executed="True" success="True" time="0.001" asserts="1" />
                          <test-case name="Life.Math.Tests.Vector3Tests.Dot_CalculatesDotProduct" executed="True" success="True" time="0.000" asserts="1" />
                          <test-case name="Life.Math.Tests.Vector3Tests.Equals_ReturnsFalseOnNotEqual" executed="True" success="True" time="0.000" asserts="1" />
                          <test-case name="Life.Math.Tests.Vector3Tests.Equals_ReturnsTrueOnEqual" executed="True" success="True" time="0.000" asserts="1" />
                          <test-case name="Life.Math.Tests.Vector3Tests.Equals_WithNull_IsFalse" executed="True" success="True" time="0.000" asserts="1" />
                          <test-case name="Life.Math.Tests.Vector3Tests.Length_WithVector_ReturnsVectorLength" executed="True" success="True" time="0.000" asserts="1" />
                          <test-case name="Life.Math.Tests.Vector3Tests.LengthSquared_ReturnsLengthSquared" executed="True" success="True" time="0.000" asserts="1" />
                          <test-case name="Life.Math.Tests.Vector3Tests.Multiply_WithVectorAndScalar_ReturnsScaledVector" executed="True" success="True" time="0.000" asserts="1" />
                          <test-case name="Life.Math.Tests.Vector3Tests.Subtract_WithValue_ReturnsSubtractedVector" executed="True" success="True" time="0.000" asserts="1" />
                          <test-case name="Life.Math.Tests.Vector3Tests.Unit_ReturnsUnitVector" executed="True" success="True" time="0.001" asserts="1" />
                        </results>
                      </test-suite>
                      <test-suite name="Vector4Tests" success="True" time="0.023" asserts="0">
                        <results>
                          <test-case name="Life.Math.Tests.Vector4Tests.Add_AddsTwoVectors" executed="True" success="True" time="0.002" asserts="1" />
                          <test-case name="Life.Math.Tests.Vector4Tests.Ctor_SetsValues" executed="True" success="True" time="0.001" asserts="4" />
                          <test-case name="Life.Math.Tests.Vector4Tests.Divide_ScalesVectorByScalar" executed="True" success="True" time="0.001" asserts="1" />
                          <test-case name="Life.Math.Tests.Vector4Tests.Equals_TrueIfEqual" executed="True" success="True" time="0.001" asserts="2" />
                          <test-case name="Life.Math.Tests.Vector4Tests.Length_ReturnsLength" executed="True" success="True" time="0.001" asserts="1" />
                          <test-case name="Life.Math.Tests.Vector4Tests.LengthSquared_ReturnsSquaredLength" executed="True" success="True" time="0.000" asserts="1" />
                          <test-case name="Life.Math.Tests.Vector4Tests.Multiply_ScalesVectorByScalar" executed="True" success="True" time="0.001" asserts="1" />
                          <test-case name="Life.Math.Tests.Vector4Tests.Subtract_SubtractsTwoVectors" executed="True" success="True" time="0.001" asserts="1" />
                          <test-case name="Life.Math.Tests.Vector4Tests.Unit_ReturnsUnitLengthVector" executed="True" success="True" time="0.000" asserts="1" />
                        </results>
                      </test-suite>
                    </results>
                  </test-suite>
                </results>
              </test-suite>
            </results>
          </test-suite>
        </results>
      </test-suite>
      <test-suite name="/Users/mglenn/code/life/test/Life.Platform.Tests/bin/Debug/Life.Platform.Tests.dll" success="True" time="0.263" asserts="0">
        <results>
          <test-suite name="Life" success="True" time="0.263" asserts="0">
            <results>
              <test-suite name="Platform" success="True" time="0.263" asserts="0">
                <results>
                  <test-suite name="Tests" success="True" time="0.263" asserts="0">
                    <results>
                      <test-suite name="AdapterCapabilitiesTests" success="True" time="0.118" asserts="0">
                        <results>
                          <test-case name="Life.Platform.Tests.AdapterCapabilitiesTests.Ctor_SetsDisplays" executed="True" success="True" time="0.083" asserts="1" />
                        </results>
                      </test-suite>
                      <test-suite name="DisplayCapabilitiesTests" success="True" time="0.014" asserts="0">
                        <results>
                          <test-case name="Life.Platform.Tests.DisplayCapabilitiesTests.Ctor_SetsValues" executed="True" success="True" time="0.010" asserts="4" />
                        </results>
                      </test-suite>
                      <test-suite name="DisplayResolutionTests" success="True" time="0.003" asserts="0">
                        <results>
                          <test-case name="Life.Platform.Tests.DisplayResolutionTests.Ctor_SetsBounds" executed="True" success="True" time="0.001" asserts="1" />
                          <test-case name="Life.Platform.Tests.DisplayResolutionTests.Ctor_SetsBPP" executed="True" success="True" time="0.001" asserts="1" />
                          <test-case name="Life.Platform.Tests.DisplayResolutionTests.Ctor_SetsRefresh" executed="True" success="True" time="0.001" asserts="1" />
                        </results>
                      </test-suite>
                      <test-suite name="RenderWindowServiceTests" success="True" time="0.128" asserts="0">
                        <results>
                          <test-case name="Life.Platform.Tests.RenderWindowServiceTests.Ctor_SetsWindow" executed="True" success="True" time="0.083" asserts="1" />
                          <test-case name="Life.Platform.Tests.RenderWindowServiceTests.Dispose_DisposesWindow" executed="True" success="True" time="0.022" asserts="0" />
                          <test-case name="Life.Platform.Tests.RenderWindowServiceTests.Update_ProcessesEvents" executed="True" success="True" time="0.008" asserts="0" />
                          <test-case name="Life.Platform.Tests.RenderWindowServiceTests.WidthAndHeight_SetToWindowSize" executed="True" success="True" time="0.009" asserts="2" />
                        </results>
                      </test-suite>
                    </results>
                  </test-suite>
                </results>
              </test-suite>
            </results>
          </test-suite>
        </results>
      </test-suite>
      <test-suite name="/Users/mglenn/code/life/test/Life.Graphics.OpenGL.Tests/bin/Debug/Life.Graphics.OpenGL.Tests.dll" success="True" time="0.794" asserts="0">
        <results>
          <test-suite name="Life" success="True" time="0.793" asserts="0">
            <results>
              <test-suite name="Graphics" success="True" time="0.793" asserts="0">
                <results>
                  <test-suite name="OpenGL" success="True" time="0.793" asserts="0">
                    <results>
                      <test-suite name="Tests" success="True" time="0.792" asserts="0">
                        <results>
                          <test-suite name="OpenGLVertexBufferTests" success="True" time="0.792" asserts="0">
                            <results>
                              <test-case name="Life.Graphics.OpenGL.Tests.OpenGLVertexBufferTests.Ctor_CreatesBuffer" executed="True" success="True" time="0.019" asserts="1" />
                              <test-case name="Life.Graphics.OpenGL.Tests.OpenGLVertexBufferTests.Ctor_SetsBufferSize" executed="True" success="True" time="0.000" asserts="1" />
                              <test-case name="Life.Graphics.OpenGL.Tests.OpenGLVertexBufferTests.Lock_LocksBuffer" executed="True" success="True" time="0.002" asserts="2" />
                              <test-case name="Life.Graphics.OpenGL.Tests.OpenGLVertexBufferTests.Lock_WithoutDiscard_ThrowsException" executed="True" success="True" time="0.001" asserts="2" />
                              <test-case name="Life.Graphics.OpenGL.Tests.OpenGLVertexBufferTests.Write_TooManyValues_ThrowsException" executed="True" success="True" time="0.004" asserts="1" />
                              <test-case name="Life.Graphics.OpenGL.Tests.OpenGLVertexBufferTests.Write_WritesToBuffer" executed="True" success="True" time="0.001" asserts="0" />
                            </results>
                          </test-suite>
                        </results>
                      </test-suite>
                    </results>
                  </test-suite>
                </results>
              </test-suite>
            </results>
          </test-suite>
        </results>
      </test-suite>
    </results>
  </test-suite>
</test-results>